<?xml version="1.0" encoding="UTF-8"?>
<!-- Generated by org.testng.reporters.JUnitReportReporter -->
<testsuite hostname="DESKTOP-4CIJJHN" failures="0" tests="1" name="com.fang.Demo1.BrowerActions" time="16.995" errors="0" timestamp="13 10æœˆ 2019 06:34:17 GMT" skipped="0">
  <testcase classname="com.fang.Demo1.BrowerActions" name="webBack" time="16.995"/>
</testsuite> <!-- com.fang.Demo1.BrowerActions -->
